\BOOKMARK [0][-]{chapter.1}{\376\377\117\235\133\130\123\345\154\325\122\006\147\220\000\040\000\040\000D\000e\000p\000e\000n\000d\000e\000n\000c\000y\000\040\000P\000a\000r\000s\000i\000n\000g}{}% 1
\BOOKMARK [1][-]{section.1.1}{\376\377\117\235\133\130\213\355\154\325\124\214\117\235\133\130\176\323\147\204\000\040\000\040\000D\000e\000p\000e\000n\000d\000e\000n\000c\000y\000\040\000G\000r\000a\000m\000m\000a\000r\000\040\000a\000n\000d\000\040\000D\000e\000p\000e\000n\000d\000e\000n\000c\000y\000\040\000S\000t\000r\000u\000c\000t\000u\000r\000e}{chapter.1}% 2
\BOOKMARK [2][-]{subsection.1.1.1}{\376\377\117\235\133\130\123\345\154\325\122\006\147\220\000\040\000\040\000D\000e\000p\000e\000n\000d\000e\000n\000c\000y\000\040\000P\000a\000r\000s\000i\000n\000g}{section.1.1}% 3
\BOOKMARK [2][-]{subsection.1.1.2}{\376\377\127\372\116\216\162\266\140\001\217\154\171\373\166\204\117\235\133\130\122\006\147\220\000\040\000\040\000T\000r\000a\000n\000s\000i\000t\000i\000o\000n\000-\000B\000a\000s\000e\000d\000\040\000D\000e\000p\000e\000n\000d\000e\000n\000c\000y\000\040\000P\000a\000r\000s\000i\000n\000g}{section.1.1}% 4
\BOOKMARK [2][-]{subsection.1.1.3}{\376\377\127\372\116\216\215\052\137\303\145\271\154\325\166\204\162\266\140\001\217\154\171\373\117\235\133\130\122\006\147\220\000\040\000\040\000G\000r\000e\000e\000d\000y\000\040\000D\000e\000t\000e\000r\000m\000i\000n\000i\000s\000t\000i\000c\000\040\000T\000r\000a\000n\000s\000i\000t\000i\000o\000n\000-\000B\000a\000s\000e\000d\000\040\000P\000a\000r\000s\000i\000n\000g}{section.1.1}% 5
\BOOKMARK [2][-]{subsection.1.1.4}{\376\377\171\136\176\317\117\235\133\130\122\006\147\220\000\040\000\040\000N\000e\000u\000r\000a\000l\000\040\000D\000e\000p\000e\000n\000d\000e\000n\000c\000y\000\040\000P\000a\000r\000s\000i\000n\000g}{section.1.1}% 6
\BOOKMARK [1][-]{section.1.2}{\376\377\172\340\202\202\226\104\137\125}{chapter.1}% 7
\BOOKMARK [2][-]{subsection.1.2.1}{\376\377\142\020\122\006\213\355\154\325\000\040\000\040\000C\000o\000n\000s\000t\000i\000t\000u\000e\000n\000c\000y\000\040\000G\000r\000a\000m\000m\000a\000r}{section.1.2}% 8
\BOOKMARK [0][-]{chapter.2}{\376\377\213\355\212\000\152\041\127\213\124\214\000R\000N\000N\000\040\000\040\000L\000a\000n\000g\000u\000a\000g\000e\000\040\000M\000o\000d\000e\000l\000s}{}% 9
\BOOKMARK [1][-]{section.2.1}{\376\377\213\355\212\000\152\041\127\213\000\040\000\040\000L\000a\000n\000g\000u\000a\000g\000e\000\040\000M\000o\000d\000e\000l\000s}{chapter.2}% 10
\BOOKMARK [2][-]{subsection.2.1.1}{\376\377\116\313\176\315\000\040\000\040\000I\000n\000t\000r\000o\000d\000u\000c\000t\000i\000o\000n}{section.2.1}% 11
\BOOKMARK [2][-]{subsection.2.1.2}{\376\377\127\372\116\216\000N\121\103\213\355\154\325\213\241\173\227\147\141\116\366\121\161\163\260\230\221\163\207\000\040\000\040\000C\000a\000l\000c\000u\000l\000a\000t\000i\000o\000n\000\040\000P\000r\000e\000d\000i\000c\000t\000i\000o\000n\000\040\000P\000r\000o\000b\000a\000b\000i\000l\000i\000t\000y\000\040\000i\000n\000\040\000N\000-\000G\000r\000a\000m\000\040\000B\000a\000s\000e\000d\000\040\000L\000a\000n\000g\000u\000a\000g\000e\000\040\000M\000o\000d\000e\000l\000s}{section.2.1}% 12
\BOOKMARK [2][-]{subsection.2.1.3}{\376\377\127\372\116\216\172\227\123\343\166\204\213\355\212\000\152\041\127\213\000\040\000\040\000W\000i\000n\000d\000o\000w\000-\000b\000a\000s\000e\000d\000\040\000N\000e\000u\000r\000a\000l\000\040\000L\000a\000n\000g\000u\000a\000g\000e\000\040\000M\000o\000d\000e\000l}{section.2.1}% 13
\BOOKMARK [1][-]{section.2.2}{\376\377\137\252\163\257\171\136\176\317\177\121\176\334\377\010\000R\000N\000N\377\011\166\204\136\224\165\050\000\040\000\040\000A\000p\000p\000l\000i\000c\000a\000t\000i\000o\000n\000\040\000o\000f\000\040\000R\000N\000N}{chapter.2}% 14
\BOOKMARK [2][-]{subsection.2.2.1}{\376\377\000R\000N\000N\213\355\212\000\152\041\127\213\166\204\162\171\160\271\000\040\000\040\000A\000d\000v\000a\000n\000t\000a\000g\000e\000s\000,\000\040\000D\000i\000s\000a\000d\000v\000a\000n\000t\000a\000g\000e\000s\000\040\000a\000n\000d\000\040\000A\000p\000p\000l\000i\000c\000a\000t\000i\000o\000n\000s\000\040\000o\000f\000\040\000R\000N\000N\000s}{section.2.2}% 15
\BOOKMARK [2][-]{subsection.2.2.2}{\376\377\150\257\136\246\162\006\160\270\124\214\150\257\136\246\155\210\131\061\166\204\133\371\173\126\000\040\000\040\000S\000o\000l\000u\000t\000i\000o\000n\000\040\000t\000o\000\040\000t\000h\000e\000\040\000E\000x\000p\000l\000o\000d\000i\000n\000g\000\040\000a\000n\000d\000\040\000V\000a\000n\000i\000s\000h\000i\000n\000g\000\040\000G\000r\000a\000d\000i\000e\000n\000t\000s}{section.2.2}% 16
\BOOKMARK [2][-]{subsection.2.2.3}{\376\377\127\372\116\216\000R\000N\000N\166\204\147\072\126\150\177\373\213\321\000\040\000\040\000A\000p\000p\000l\000i\000c\000a\000t\000i\000o\000n\000:\000\040\000R\000N\000N\000\040\000T\000r\000a\000n\000s\000l\000a\000t\000i\000o\000n\000\040\000M\000o\000d\000e\000l}{section.2.2}% 17
\BOOKMARK [1][-]{section.2.3}{\376\377\172\340\202\202\226\104\137\125}{chapter.2}% 18
\BOOKMARK [2][-]{subsection.2.3.1}{\376\377\176\364\145\160\160\176\226\276\000\040\000\040\000C\000u\000r\000s\000e\000\040\000o\000f\000\040\000D\000i\000m\000e\000n\000s\000i\000o\000n\000a\000l\000i\000t\000y}{section.2.3}% 19
\BOOKMARK [0][-]{appendix.A}{\376\377\000A\000P\000G\122\006\174\173\174\373\176\337\166\204\171\321\124\015}{}% 20
\BOOKMARK [0][-]{appendix*.13}{\376\377\175\042\137\025}{}% 21
\BOOKMARK [0][-]{appendix*.13}{\376\377\123\302\200\003\145\207\163\056}{}% 22
\BOOKMARK [0][-]{appendix*.15}{\376\377\124\016\213\260}{}% 23
